<?xml version="1.0" encoding="UTF-8"?>
<!-- Generated by org.testng.reporters.JUnitXMLReporter -->
<testsuite hostname="DESKTOP-E4HEUJD" ignored="0" name="Default test" tests="3" failures="0" timestamp="2022-01-16T22:18:27 IST" time="0.047" errors="0">
  <testcase name="getData" time="0.004" classname="selenium_Small_Concepts.Data_Dataprovider"/>
  <testcase name="getData" time="0.001" classname="selenium_Small_Concepts.Data_Dataprovider"/>
  <testcase name="getData" time="0.002" classname="selenium_Small_Concepts.Data_Dataprovider"/>
</testsuite> <!-- Default test -->
